out/groundsdk-android/gradle/groundsdk/intermediates/manifest_merge_blame_file/debug/manifest-merger-blame-debug-report.txt
1<?xml version="1.0" encoding="utf-8"?>
2<!--
3  ~     Copyright (C) 2019 Parrot Drones SAS
4  ~
5  ~     Redistribution and use in source and binary forms, with or without
6  ~     modification, are permitted provided that the following conditions
7  ~     are met:
8  ~     * Redistributions of source code must retain the above copyright
9  ~       notice, this list of conditions and the following disclaimer.
10  ~     * Redistributions in binary form must reproduce the above copyright
11  ~       notice, this list of conditions and the following disclaimer in
12  ~       the documentation and/or other materials provided with the
13  ~       distribution.
14  ~     * Neither the name of the Parrot Company nor the names
15  ~       of its contributors may be used to endorse or promote products
16  ~       derived from this software without specific prior written
17  ~       permission.
18  ~
19  ~     THIS SOFTWARE IS PROVIDED BY THE COPYRIGHT HOLDERS AND CONTRIBUTORS
20  ~     "AS IS" AND ANY EXPRESS OR IMPLIED WARRANTIES, INCLUDING, BUT NOT
21  ~     LIMITED TO, THE IMPLIED WARRANTIES OF MERCHANTABILITY AND FITNESS
22  ~     FOR A PARTICULAR PURPOSE ARE DISCLAIMED. IN NO EVENT SHALL THE
23  ~     PARROT COMPANY BE LIABLE FOR ANY DIRECT, INDIRECT,
24  ~     INCIDENTAL, SPECIAL, EXEMPLARY, OR CONSEQUENTIAL DAMAGES (INCLUDING,
25  ~     BUT NOT LIMITED TO, PROCUREMENT OF SUBSTITUTE GOODS OR SERVICES; LOSS
26  ~     OF USE, DATA, OR PROFITS; OR BUSINESS INTERRUPTION) HOWEVER CAUSED
27  ~     AND ON ANY THEORY OF LIABILITY, WHETHER IN CONTRACT, STRICT LIABILITY,
28  ~     OR TORT (INCLUDING NEGLIGENCE OR OTHERWISE) ARISING IN ANY WAY OUT
29  ~     OF THE USE OF THIS SOFTWARE, EVEN IF ADVISED OF THE POSSIBILITY OF
30  ~     SUCH DAMAGE.
31  ~
32-->
33<manifest xmlns:android="http://schemas.android.com/apk/res/android"
34    xmlns:tools="http://schemas.android.com/tools"
35    package="com.parrot.drone.groundsdk"
36    android:versionCode="1"
37    android:versionName="0.0.0" >
38
39    <uses-sdk
40        android:minSdkVersion="24"
41        android:targetSdkVersion="29" />
42
43    <uses-feature
43-->src/main/AndroidManifest.xml:40:5-42:35
44        android:name="android.hardware.sensor.barometer"
44-->src/main/AndroidManifest.xml:41:9-57
45        android:required="false" />
45-->src/main/AndroidManifest.xml:42:9-33
46    <uses-feature
46-->src/main/AndroidManifest.xml:43:5-45:35
47        android:name="android.hardware.location"
47-->src/main/AndroidManifest.xml:44:9-49
48        android:required="false" />
48-->src/main/AndroidManifest.xml:45:9-33
49    <uses-feature
49-->src/main/AndroidManifest.xml:46:5-48:35
50        android:name="android.hardware.location.gps"
50-->src/main/AndroidManifest.xml:47:9-53
51        android:required="false" />
51-->src/main/AndroidManifest.xml:48:9-33
52    <uses-feature
52-->src/main/AndroidManifest.xml:49:5-51:34
53        android:glEsVersion="0x00030000"
53-->src/main/AndroidManifest.xml:50:9-41
54        android:required="true" />
54-->src/main/AndroidManifest.xml:51:9-32
55
56    <uses-permission android:name="android.permission.ACCESS_FINE_LOCATION" />
56-->src/main/AndroidManifest.xml:53:5-78
56-->src/main/AndroidManifest.xml:53:22-76
57    <uses-permission android:name="android.permission.ACCESS_NETWORK_STATE" />
57-->src/main/AndroidManifest.xml:54:5-78
57-->src/main/AndroidManifest.xml:54:22-76
58
59    <application tools:ignore="GoogleAppIndexingWarning" >
59-->src/main/AndroidManifest.xml:56:5-70:19
59-->src/main/AndroidManifest.xml:57:9-48
60        <service android:name="com.parrot.drone.groundsdk.internal.DumpSys$Service" />
60-->src/debug/AndroidManifest.xml:39:9-86
60-->src/debug/AndroidManifest.xml:39:18-84
61
62        <activity
62-->src/main/AndroidManifest.xml:58:9-69:20
63            android:name="com.parrot.drone.groundsdk.internal.RcAccessoryBootstrapActivity"
63-->src/main/AndroidManifest.xml:59:13-66
64            android:enabled="@bool/gsdk_rc_accessory_bootstrap_activity_enabled"
64-->src/main/AndroidManifest.xml:60:13-81
65            android:launchMode="singleInstance"
65-->src/main/AndroidManifest.xml:61:13-48
66            android:theme="@android:style/Theme.NoDisplay" >
66-->src/main/AndroidManifest.xml:62:13-59
67            <intent-filter>
67-->src/main/AndroidManifest.xml:63:13-65:29
68                <action android:name="android.hardware.usb.action.USB_ACCESSORY_ATTACHED" />
68-->src/main/AndroidManifest.xml:64:17-92
68-->src/main/AndroidManifest.xml:64:25-90
69            </intent-filter>
70
71            <meta-data
71-->src/main/AndroidManifest.xml:66:13-68:61
72                android:name="android.hardware.usb.action.USB_ACCESSORY_ATTACHED"
72-->src/main/AndroidManifest.xml:67:17-82
73                android:resource="@xml/gsdk_usb_rc_filter" />
73-->src/main/AndroidManifest.xml:68:17-59
74        </activity>
75    </application>
76
77</manifest>